This is pdfTeX, Version 3.1415926-2.4-1.40.13 (TeX Live 2012) (format=pdflatex 2012.6.30)  19 FEB 2015 15:01
entering extended mode
 restricted \write18 enabled.
 file:line:error style messages enabled.
 %&-line parsing enabled.
**main.tex
(./main.tex
LaTeX2e <2011/06/27>
Babel <v3.8m> and hyphenation patterns for english, dumylang, nohyphenation, ge
rman-x-2012-05-30, ngerman-x-2012-05-30, afrikaans, ancientgreek, ibycus, arabi
c, armenian, basque, bulgarian, catalan, pinyin, coptic, croatian, czech, danis
h, dutch, ukenglish, usenglishmax, esperanto, estonian, ethiopic, farsi, finnis
h, french, friulan, galician, german, ngerman, swissgerman, monogreek, greek, h
ungarian, icelandic, assamese, bengali, gujarati, hindi, kannada, malayalam, ma
rathi, oriya, panjabi, tamil, telugu, indonesian, interlingua, irish, italian, 
kurmanji, latin, latvian, lithuanian, mongolian, mongolianlmc, bokmal, nynorsk,
 polish, portuguese, romanian, romansh, russian, sanskrit, serbian, serbianc, s
lovak, slovenian, spanish, swedish, turkish, turkmen, ukrainian, uppersorbian, 
welsh, loaded.
(/usr/local/texlive/2012/texmf-dist/tex/latex/base/report.cls
Document Class: report 2007/10/19 v1.4h Standard LaTeX document class
(/usr/local/texlive/2012/texmf-dist/tex/latex/base/size12.clo
File: size12.clo 2007/10/19 v1.4h Standard LaTeX file (size option)
)
\c@part=\count79
\c@chapter=\count80
\c@section=\count81
\c@subsection=\count82
\c@subsubsection=\count83
\c@paragraph=\count84
\c@subparagraph=\count85
\c@figure=\count86
\c@table=\count87
\abovecaptionskip=\skip41
\belowcaptionskip=\skip42
\bibindent=\dimen102
)
(/usr/local/texlive/2012/texmf-dist/tex/latex/base/inputenc.sty
Package: inputenc 2008/03/30 v1.1d Input encoding file
\inpenc@prehook=\toks14
\inpenc@posthook=\toks15

(/usr/local/texlive/2012/texmf-dist/tex/latex/base/utf8.def
File: utf8.def 2008/04/05 v1.1m UTF-8 support for inputenc
Now handling font encoding OML ...
... no UTF-8 mapping file for font encoding OML
Now handling font encoding T1 ...
... processing UTF-8 mapping file for font encoding T1

(/usr/local/texlive/2012/texmf-dist/tex/latex/base/t1enc.dfu
File: t1enc.dfu 2008/04/05 v1.1m UTF-8 support for inputenc
   defining Unicode char U+00A1 (decimal 161)
   defining Unicode char U+00A3 (decimal 163)
   defining Unicode char U+00AB (decimal 171)
   defining Unicode char U+00BB (decimal 187)
   defining Unicode char U+00BF (decimal 191)
   defining Unicode char U+00C0 (decimal 192)
   defining Unicode char U+00C1 (decimal 193)
   defining Unicode char U+00C2 (decimal 194)
   defining Unicode char U+00C3 (decimal 195)
   defining Unicode char U+00C4 (decimal 196)
   defining Unicode char U+00C5 (decimal 197)
   defining Unicode char U+00C6 (decimal 198)
   defining Unicode char U+00C7 (decimal 199)
   defining Unicode char U+00C8 (decimal 200)
   defining Unicode char U+00C9 (decimal 201)
   defining Unicode char U+00CA (decimal 202)
   defining Unicode char U+00CB (decimal 203)
   defining Unicode char U+00CC (decimal 204)
   defining Unicode char U+00CD (decimal 205)
   defining Unicode char U+00CE (decimal 206)
   defining Unicode char U+00CF (decimal 207)
   defining Unicode char U+00D0 (decimal 208)
   defining Unicode char U+00D1 (decimal 209)
   defining Unicode char U+00D2 (decimal 210)
   defining Unicode char U+00D3 (decimal 211)
   defining Unicode char U+00D4 (decimal 212)
   defining Unicode char U+00D5 (decimal 213)
   defining Unicode char U+00D6 (decimal 214)
   defining Unicode char U+00D8 (decimal 216)
   defining Unicode char U+00D9 (decimal 217)
   defining Unicode char U+00DA (decimal 218)
   defining Unicode char U+00DB (decimal 219)
   defining Unicode char U+00DC (decimal 220)
   defining Unicode char U+00DD (decimal 221)
   defining Unicode char U+00DE (decimal 222)
   defining Unicode char U+00DF (decimal 223)
   defining Unicode char U+00E0 (decimal 224)
   defining Unicode char U+00E1 (decimal 225)
   defining Unicode char U+00E2 (decimal 226)
   defining Unicode char U+00E3 (decimal 227)
   defining Unicode char U+00E4 (decimal 228)
   defining Unicode char U+00E5 (decimal 229)
   defining Unicode char U+00E6 (decimal 230)
   defining Unicode char U+00E7 (decimal 231)
   defining Unicode char U+00E8 (decimal 232)
   defining Unicode char U+00E9 (decimal 233)
   defining Unicode char U+00EA (decimal 234)
   defining Unicode char U+00EB (decimal 235)
   defining Unicode char U+00EC (decimal 236)
   defining Unicode char U+00ED (decimal 237)
   defining Unicode char U+00EE (decimal 238)
   defining Unicode char U+00EF (decimal 239)
   defining Unicode char U+00F0 (decimal 240)
   defining Unicode char U+00F1 (decimal 241)
   defining Unicode char U+00F2 (decimal 242)
   defining Unicode char U+00F3 (decimal 243)
   defining Unicode char U+00F4 (decimal 244)
   defining Unicode char U+00F5 (decimal 245)
   defining Unicode char U+00F6 (decimal 246)
   defining Unicode char U+00F8 (decimal 248)
   defining Unicode char U+00F9 (decimal 249)
   defining Unicode char U+00FA (decimal 250)
   defining Unicode char U+00FB (decimal 251)
   defining Unicode char U+00FC (decimal 252)
   defining Unicode char U+00FD (decimal 253)
   defining Unicode char U+00FE (decimal 254)
   defining Unicode char U+00FF (decimal 255)
   defining Unicode char U+0102 (decimal 258)
   defining Unicode char U+0103 (decimal 259)
   defining Unicode char U+0104 (decimal 260)
   defining Unicode char U+0105 (decimal 261)
   defining Unicode char U+0106 (decimal 262)
   defining Unicode char U+0107 (decimal 263)
   defining Unicode char U+010C (decimal 268)
   defining Unicode char U+010D (decimal 269)
   defining Unicode char U+010E (decimal 270)
   defining Unicode char U+010F (decimal 271)
   defining Unicode char U+0110 (decimal 272)
   defining Unicode char U+0111 (decimal 273)
   defining Unicode char U+0118 (decimal 280)
   defining Unicode char U+0119 (decimal 281)
   defining Unicode char U+011A (decimal 282)
   defining Unicode char U+011B (decimal 283)
   defining Unicode char U+011E (decimal 286)
   defining Unicode char U+011F (decimal 287)
   defining Unicode char U+0130 (decimal 304)
   defining Unicode char U+0131 (decimal 305)
   defining Unicode char U+0132 (decimal 306)
   defining Unicode char U+0133 (decimal 307)
   defining Unicode char U+0139 (decimal 313)
   defining Unicode char U+013A (decimal 314)
   defining Unicode char U+013D (decimal 317)
   defining Unicode char U+013E (decimal 318)
   defining Unicode char U+0141 (decimal 321)
   defining Unicode char U+0142 (decimal 322)
   defining Unicode char U+0143 (decimal 323)
   defining Unicode char U+0144 (decimal 324)
   defining Unicode char U+0147 (decimal 327)
   defining Unicode char U+0148 (decimal 328)
   defining Unicode char U+014A (decimal 330)
   defining Unicode char U+014B (decimal 331)
   defining Unicode char U+0150 (decimal 336)
   defining Unicode char U+0151 (decimal 337)
   defining Unicode char U+0152 (decimal 338)
   defining Unicode char U+0153 (decimal 339)
   defining Unicode char U+0154 (decimal 340)
   defining Unicode char U+0155 (decimal 341)
   defining Unicode char U+0158 (decimal 344)
   defining Unicode char U+0159 (decimal 345)
   defining Unicode char U+015A (decimal 346)
   defining Unicode char U+015B (decimal 347)
   defining Unicode char U+015E (decimal 350)
   defining Unicode char U+015F (decimal 351)
   defining Unicode char U+0160 (decimal 352)
   defining Unicode char U+0161 (decimal 353)
   defining Unicode char U+0162 (decimal 354)
   defining Unicode char U+0163 (decimal 355)
   defining Unicode char U+0164 (decimal 356)
   defining Unicode char U+0165 (decimal 357)
   defining Unicode char U+016E (decimal 366)
   defining Unicode char U+016F (decimal 367)
   defining Unicode char U+0170 (decimal 368)
   defining Unicode char U+0171 (decimal 369)
   defining Unicode char U+0178 (decimal 376)
   defining Unicode char U+0179 (decimal 377)
   defining Unicode char U+017A (decimal 378)
   defining Unicode char U+017B (decimal 379)
   defining Unicode char U+017C (decimal 380)
   defining Unicode char U+017D (decimal 381)
   defining Unicode char U+017E (decimal 382)
   defining Unicode char U+200C (decimal 8204)
   defining Unicode char U+2013 (decimal 8211)
   defining Unicode char U+2014 (decimal 8212)
   defining Unicode char U+2018 (decimal 8216)
   defining Unicode char U+2019 (decimal 8217)
   defining Unicode char U+201A (decimal 8218)
   defining Unicode char U+201C (decimal 8220)
   defining Unicode char U+201D (decimal 8221)
   defining Unicode char U+201E (decimal 8222)
   defining Unicode char U+2030 (decimal 8240)
   defining Unicode char U+2031 (decimal 8241)
   defining Unicode char U+2039 (decimal 8249)
   defining Unicode char U+203A (decimal 8250)
   defining Unicode char U+2423 (decimal 9251)
)
Now handling font encoding OT1 ...
... processing UTF-8 mapping file for font encoding OT1

(/usr/local/texlive/2012/texmf-dist/tex/latex/base/ot1enc.dfu
File: ot1enc.dfu 2008/04/05 v1.1m UTF-8 support for inputenc
   defining Unicode char U+00A1 (decimal 161)
   defining Unicode char U+00A3 (decimal 163)
   defining Unicode char U+00B8 (decimal 184)
   defining Unicode char U+00BF (decimal 191)
   defining Unicode char U+00C5 (decimal 197)
   defining Unicode char U+00C6 (decimal 198)
   defining Unicode char U+00D8 (decimal 216)
   defining Unicode char U+00DF (decimal 223)
   defining Unicode char U+00E6 (decimal 230)
   defining Unicode char U+00EC (decimal 236)
   defining Unicode char U+00ED (decimal 237)
   defining Unicode char U+00EE (decimal 238)
   defining Unicode char U+00EF (decimal 239)
   defining Unicode char U+00F8 (decimal 248)
   defining Unicode char U+0131 (decimal 305)
   defining Unicode char U+0141 (decimal 321)
   defining Unicode char U+0142 (decimal 322)
   defining Unicode char U+0152 (decimal 338)
   defining Unicode char U+0153 (decimal 339)
   defining Unicode char U+2013 (decimal 8211)
   defining Unicode char U+2014 (decimal 8212)
   defining Unicode char U+2018 (decimal 8216)
   defining Unicode char U+2019 (decimal 8217)
   defining Unicode char U+201C (decimal 8220)
   defining Unicode char U+201D (decimal 8221)
)
Now handling font encoding OMS ...
... processing UTF-8 mapping file for font encoding OMS

(/usr/local/texlive/2012/texmf-dist/tex/latex/base/omsenc.dfu
File: omsenc.dfu 2008/04/05 v1.1m UTF-8 support for inputenc
   defining Unicode char U+00A7 (decimal 167)
   defining Unicode char U+00B6 (decimal 182)
   defining Unicode char U+00B7 (decimal 183)
   defining Unicode char U+2020 (decimal 8224)
   defining Unicode char U+2021 (decimal 8225)
   defining Unicode char U+2022 (decimal 8226)
)
Now handling font encoding OMX ...
... no UTF-8 mapping file for font encoding OMX
Now handling font encoding U ...
... no UTF-8 mapping file for font encoding U
   defining Unicode char U+00A9 (decimal 169)
   defining Unicode char U+00AA (decimal 170)
   defining Unicode char U+00AE (decimal 174)
   defining Unicode char U+00BA (decimal 186)
   defining Unicode char U+02C6 (decimal 710)
   defining Unicode char U+02DC (decimal 732)
   defining Unicode char U+200C (decimal 8204)
   defining Unicode char U+2026 (decimal 8230)
   defining Unicode char U+2122 (decimal 8482)
   defining Unicode char U+2423 (decimal 9251)
))
(/usr/local/texlive/2012/texmf-dist/tex/latex/graphics/graphicx.sty
Package: graphicx 1999/02/16 v1.0f Enhanced LaTeX Graphics (DPC,SPQR)

(/usr/local/texlive/2012/texmf-dist/tex/latex/graphics/keyval.sty
Package: keyval 1999/03/16 v1.13 key=value parser (DPC)
\KV@toks@=\toks16
)
(/usr/local/texlive/2012/texmf-dist/tex/latex/graphics/graphics.sty
Package: graphics 2009/02/05 v1.0o Standard LaTeX Graphics (DPC,SPQR)

(/usr/local/texlive/2012/texmf-dist/tex/latex/graphics/trig.sty
Package: trig 1999/03/16 v1.09 sin cos tan (DPC)
)
(/usr/local/texlive/2012/texmf-dist/tex/latex/latexconfig/graphics.cfg
File: graphics.cfg 2010/04/23 v1.9 graphics configuration of TeX Live
)
Package graphics Info: Driver file: pdftex.def on input line 91.

(/usr/local/texlive/2012/texmf-dist/tex/latex/pdftex-def/pdftex.def
File: pdftex.def 2011/05/27 v0.06d Graphics/color for pdfTeX

(/usr/local/texlive/2012/texmf-dist/tex/generic/oberdiek/infwarerr.sty
Package: infwarerr 2010/04/08 v1.3 Providing info/warning/error messages (HO)
)
(/usr/local/texlive/2012/texmf-dist/tex/generic/oberdiek/ltxcmds.sty
Package: ltxcmds 2011/11/09 v1.22 LaTeX kernel commands for general use (HO)
)
\Gread@gobject=\count88
))
\Gin@req@height=\dimen103
\Gin@req@width=\dimen104
)
(/usr/local/texlive/2012/texmf-dist/tex/latex/amsmath/amsmath.sty
Package: amsmath 2000/07/18 v2.13 AMS math features
\@mathmargin=\skip43

For additional information on amsmath, use the `?' option.
(/usr/local/texlive/2012/texmf-dist/tex/latex/amsmath/amstext.sty
Package: amstext 2000/06/29 v2.01

(/usr/local/texlive/2012/texmf-dist/tex/latex/amsmath/amsgen.sty
File: amsgen.sty 1999/11/30 v2.0
\@emptytoks=\toks17
\ex@=\dimen105
))
(/usr/local/texlive/2012/texmf-dist/tex/latex/amsmath/amsbsy.sty
Package: amsbsy 1999/11/29 v1.2d
\pmbraise@=\dimen106
)
(/usr/local/texlive/2012/texmf-dist/tex/latex/amsmath/amsopn.sty
Package: amsopn 1999/12/14 v2.01 operator names
)
\inf@bad=\count89
LaTeX Info: Redefining \frac on input line 211.
\uproot@=\count90
\leftroot@=\count91
LaTeX Info: Redefining \overline on input line 307.
\classnum@=\count92
\DOTSCASE@=\count93
LaTeX Info: Redefining \ldots on input line 379.
LaTeX Info: Redefining \dots on input line 382.
LaTeX Info: Redefining \cdots on input line 467.
\Mathstrutbox@=\box26
\strutbox@=\box27
\big@size=\dimen107
LaTeX Font Info:    Redeclaring font encoding OML on input line 567.
LaTeX Font Info:    Redeclaring font encoding OMS on input line 568.
\macc@depth=\count94
\c@MaxMatrixCols=\count95
\dotsspace@=\muskip10
\c@parentequation=\count96
\dspbrk@lvl=\count97
\tag@help=\toks18
\row@=\count98
\column@=\count99
\maxfields@=\count100
\andhelp@=\toks19
\eqnshift@=\dimen108
\alignsep@=\dimen109
\tagshift@=\dimen110
\tagwidth@=\dimen111
\totwidth@=\dimen112
\lineht@=\dimen113
\@envbody=\toks20
\multlinegap=\skip44
\multlinetaggap=\skip45
\mathdisplay@stack=\toks21
LaTeX Info: Redefining \[ on input line 2666.
LaTeX Info: Redefining \] on input line 2667.
)
(/usr/local/texlive/2012/texmf-dist/tex/latex/natbib/natbib.sty
Package: natbib 2010/09/13 8.31b (PWD, AO)
\bibhang=\skip46
\bibsep=\skip47
LaTeX Info: Redefining \cite on input line 694.
\c@NAT@ctr=\count101
)
(/usr/local/texlive/2012/texmf-dist/tex/latex/algorithms/algorithm.sty
Package: algorithm 2009/08/24 v0.1 Document Style `algorithm' - floating enviro
nment

(/usr/local/texlive/2012/texmf-dist/tex/latex/float/float.sty
Package: float 2001/11/08 v1.3d Float enhancements (AL)
\c@float@type=\count102
\float@exts=\toks22
\float@box=\box28
\@float@everytoks=\toks23
\@floatcapt=\box29
)
(/usr/local/texlive/2012/texmf-dist/tex/latex/base/ifthen.sty
Package: ifthen 2001/05/26 v1.1c Standard LaTeX ifthen package (DPC)
)
\@float@every@algorithm=\toks24
\c@algorithm=\count103
)
(/usr/local/texlive/2012/texmf-dist/tex/latex/amsfonts/amsfonts.sty
Package: amsfonts 2009/06/22 v3.00 Basic AMSFonts support
\symAMSa=\mathgroup4
\symAMSb=\mathgroup5
LaTeX Font Info:    Overwriting math alphabet `\mathfrak' in version `bold'
(Font)                  U/euf/m/n --> U/euf/b/n on input line 96.
)
(/usr/local/texlive/2012/texmf-dist/tex/latex/algorithms/algorithmic.sty
Package: algorithmic 2009/08/24 v0.1 Document Style `algorithmic'
\c@ALC@unique=\count104
\c@ALC@line=\count105
\c@ALC@rem=\count106
\c@ALC@depth=\count107
\ALC@tlm=\skip48
\algorithmicindent=\skip49
)
(/usr/local/texlive/2012/texmf-dist/tex/latex/graphics/epsfig.sty
Package: epsfig 1999/02/16 v1.7a (e)psfig emulation (SPQR)
\epsfxsize=\dimen114
\epsfysize=\dimen115
)
(/usr/local/texlive/2012/texmf-dist/tex/latex/psnfss/helvet.sty
Package: helvet 2005/04/12 PSNFSS-v9.2a (WaS) 
)
LaTeX Font Info:    Try loading font information for OT1+phv on input line 12.

(/usr/local/texlive/2012/texmf-dist/tex/latex/psnfss/ot1phv.fd
File: ot1phv.fd 2001/06/04 scalable font definitions for OT1/phv.
) (./main.aux)
\openout1 = `main.aux'.

LaTeX Font Info:    Checking defaults for OML/cmm/m/it on input line 26.
LaTeX Font Info:    ... okay on input line 26.
LaTeX Font Info:    Checking defaults for T1/cmr/m/n on input line 26.
LaTeX Font Info:    ... okay on input line 26.
LaTeX Font Info:    Checking defaults for OT1/cmr/m/n on input line 26.
LaTeX Font Info:    ... okay on input line 26.
LaTeX Font Info:    Checking defaults for OMS/cmsy/m/n on input line 26.
LaTeX Font Info:    ... okay on input line 26.
LaTeX Font Info:    Checking defaults for OMX/cmex/m/n on input line 26.
LaTeX Font Info:    ... okay on input line 26.
LaTeX Font Info:    Checking defaults for U/cmr/m/n on input line 26.
LaTeX Font Info:    ... okay on input line 26.

(/usr/local/texlive/2012/texmf-dist/tex/context/base/supp-pdf.mkii
[Loading MPS to PDF converter (version 2006.09.02).]
\scratchcounter=\count108
\scratchdimen=\dimen116
\scratchbox=\box30
\nofMPsegments=\count109
\nofMParguments=\count110
\everyMPshowfont=\toks25
\MPscratchCnt=\count111
\MPscratchDim=\dimen117
\MPnumerator=\count112
\makeMPintoPDFobject=\count113
\everyMPtoPDFconversion=\toks26
) (/usr/local/texlive/2012/texmf-dist/tex/generic/oberdiek/pdftexcmds.sty
Package: pdftexcmds 2011/11/29 v0.20 Utility functions of pdfTeX for LuaTeX (HO
)

(/usr/local/texlive/2012/texmf-dist/tex/generic/oberdiek/ifluatex.sty
Package: ifluatex 2010/03/01 v1.3 Provides the ifluatex switch (HO)
Package ifluatex Info: LuaTeX not detected.
)
(/usr/local/texlive/2012/texmf-dist/tex/generic/oberdiek/ifpdf.sty
Package: ifpdf 2011/01/30 v2.3 Provides the ifpdf switch (HO)
Package ifpdf Info: pdfTeX in PDF mode is detected.
)
Package pdftexcmds Info: LuaTeX not detected.
Package pdftexcmds Info: \pdf@primitive is available.
Package pdftexcmds Info: \pdf@ifprimitive is available.
Package pdftexcmds Info: \pdfdraftmode found.
)
(/usr/local/texlive/2012/texmf-dist/tex/latex/oberdiek/epstopdf-base.sty
Package: epstopdf-base 2010/02/09 v2.5 Base part for package epstopdf

(/usr/local/texlive/2012/texmf-dist/tex/latex/oberdiek/grfext.sty
Package: grfext 2010/08/19 v1.1 Manage graphics extensions (HO)

(/usr/local/texlive/2012/texmf-dist/tex/generic/oberdiek/kvdefinekeys.sty
Package: kvdefinekeys 2011/04/07 v1.3 Define keys (HO)
))
(/usr/local/texlive/2012/texmf-dist/tex/latex/oberdiek/kvoptions.sty
Package: kvoptions 2011/06/30 v3.11 Key value format for package options (HO)

(/usr/local/texlive/2012/texmf-dist/tex/generic/oberdiek/kvsetkeys.sty
Package: kvsetkeys 2012/04/25 v1.16 Key value parser (HO)

(/usr/local/texlive/2012/texmf-dist/tex/generic/oberdiek/etexcmds.sty
Package: etexcmds 2011/02/16 v1.5 Avoid name clashes with e-TeX commands (HO)
Package etexcmds Info: Could not find \expanded.
(etexcmds)             That can mean that you are not using pdfTeX 1.50 or
(etexcmds)             that some package has redefined \expanded.
(etexcmds)             In the latter case, load this package earlier.
)))
Package grfext Info: Graphics extension search list:
(grfext)             [.pdf,.png,.jpg,.eps]
(grfext)             \AppendGraphicsExtensions on input line 452.

(/usr/local/texlive/2012/texmf-dist/tex/latex/latexconfig/epstopdf-sys.cfg
File: epstopdf-sys.cfg 2010/07/13 v1.3 Configuration of (r)epstopdf for TeX Liv
e
))
<images/tcd.png, id=1, 392.46625pt x 541.02126pt>
File: images/tcd.png Graphic file (type png)
 <use images/tcd.png>
Package pdftex.def Info: images/tcd.png used on input line 28.
(pdftex.def)             Requested size: 144.54pt x 199.25012pt.
LaTeX Font Info:    Try loading font information for U+msa on input line 28.

(/usr/local/texlive/2012/texmf-dist/tex/latex/amsfonts/umsa.fd
File: umsa.fd 2009/06/22 v3.00 AMS symbols A
)
LaTeX Font Info:    Try loading font information for U+msb on input line 28.

(/usr/local/texlive/2012/texmf-dist/tex/latex/amsfonts/umsb.fd
File: umsb.fd 2009/06/22 v3.00 AMS symbols B
) [1

{/usr/local/texlive/2012/texmf-var/fonts/map/pdftex/updmap/pdftex.map} <./image
s/tcd.png>]
[1

] (./main.toc [2

])
\tf@toc=\write3
\openout3 = `main.toc'.

 [3]
Chapter 1.
(./chapters/introduction.tex [1

]
<images/CajalPyrD.png, id=25, 116.435pt x 282.05376pt>
File: images/CajalPyrD.png Graphic file (type png)

<use images/CajalPyrD.png>
Package pdftex.def Info: images/CajalPyrD.png used on input line 16.
(pdftex.def)             Requested size: 115.63243pt x 280.12065pt.

<images/CajalPurkinje.png, id=26, 391.4625pt x 574.145pt>
File: images/CajalPurkinje.png Graphic file (type png)

<use images/CajalPurkinje.png>
Package pdftex.def Info: images/CajalPurkinje.png used on input line 16.
(pdftex.def)             Requested size: 189.34705pt x 277.70656pt.

Overfull \hbox (21.24573pt too wide) in paragraph at lines 14--20
 [] 
 []

[2] [3 <./images/CajalPyrD.png> <./images/CajalPurkinje.png>]
<images/hhtrace.png, id=36, 722.7pt x 542.025pt>
File: images/hhtrace.png Graphic file (type png)
 <use images/hhtrace.png>
Package pdftex.def Info: images/hhtrace.png used on input line 44.
(pdftex.def)             Requested size: 390.0pt x 292.4989pt.

Overfull \hbox (21.24573pt too wide) in paragraph at lines 44--47
[] 
 []

[4 <./images/hhtrace.png>] [5] [6] [7] (./images/vRfilter.tex
Package epstopdf Info: Source file: <images/vRfilter.eps>
(epstopdf)                    date: 2015-02-18 18:07:57
(epstopdf)                    size: 63000 bytes
(epstopdf)             Output file: <images/vRfilter-eps-converted-to.pdf>
(epstopdf)                    date: 2015-02-18 18:09:59
(epstopdf)                    size: 9059 bytes
(epstopdf)             Command: <repstopdf --outfile=images/vRfilter-eps-conver
ted-to.pdf images/vRfilter.eps>
(epstopdf)             \includegraphics on input line 123.
Package epstopdf Info: Output file is already uptodate.

<images/vRfilter-eps-converted-to.pdf, id=54, 361.35pt x 252.945pt>
File: images/vRfilter-eps-converted-to.pdf Graphic file (type pdf)

<use images/vRfilter-eps-converted-to.pdf>
Package pdftex.def Info: images/vRfilter-eps-converted-to.pdf used on input lin
e 123.
(pdftex.def)             Requested size: 361.34912pt x 252.94438pt.
)
Underfull \hbox (badness 10000) in paragraph at lines 125--113
[][]
 []


Overfull \hbox (21.24573pt too wide) in paragraph at lines 125--113
[] 
 []

[8] [9 <./images/vRfilter-eps-converted-to.pdf>]
Overfull \hbox (21.24573pt too wide) in paragraph at lines 195--198
 [] 
 []

[10] [11]
Overfull \hbox (21.24573pt too wide) in paragraph at lines 282--285
 [] 
 []

[12] [13]
Package epstopdf Info: Source file: <images/songwithSpect.eps>
(epstopdf)                    date: 2010-06-04 15:06:17
(epstopdf)                    size: 38969 bytes
(epstopdf)             Output file: <images/songwithSpect-eps-converted-to.pdf>

(epstopdf)                    date: 2015-02-14 14:02:06
(epstopdf)                    size: 15110 bytes
(epstopdf)             Command: <repstopdf --outfile=images/songwithSpect-eps-c
onverted-to.pdf images/songwithSpect.eps>
(epstopdf)             \includegraphics on input line 316.
Package epstopdf Info: Output file is already uptodate.

<images/songwithSpect-eps-converted-to.pdf, id=80, 361.35pt x 55.20625pt>
File: images/songwithSpect-eps-converted-to.pdf Graphic file (type pdf)

<use images/songwithSpect-eps-converted-to.pdf>
Package pdftex.def Info: images/songwithSpect-eps-converted-to.pdf used on inpu
t line 316.
(pdftex.def)             Requested size: 216.81pt x 33.124pt.
Package epstopdf Info: Source file: <images/Finch-Zebra.eps>
(epstopdf)                    date: 2010-06-04 15:06:17
(epstopdf)                    size: 1124404 bytes
(epstopdf)             Output file: <images/Finch-Zebra-eps-converted-to.pdf>
(epstopdf)                    date: 2015-02-14 14:02:08
(epstopdf)                    size: 58520 bytes
(epstopdf)             Command: <repstopdf --outfile=images/Finch-Zebra-eps-con
verted-to.pdf images/Finch-Zebra.eps>
(epstopdf)             \includegraphics on input line 319.
Package epstopdf Info: Output file is already uptodate.

<images/Finch-Zebra-eps-converted-to.pdf, id=81, 308.15125pt x 601.24625pt>
File: images/Finch-Zebra-eps-converted-to.pdf Graphic file (type pdf)

<use images/Finch-Zebra-eps-converted-to.pdf>
Package pdftex.def Info: images/Finch-Zebra-eps-converted-to.pdf used on input 
line 319.
(pdftex.def)             Requested size: 36.135pt x 70.50424pt.
Package epstopdf Info: Source file: <images/raster.eps>
(epstopdf)                    date: 2010-06-04 15:06:17
(epstopdf)                    size: 128933 bytes
(epstopdf)             Output file: <images/raster-eps-converted-to.pdf>
(epstopdf)                    date: 2015-02-14 14:02:09
(epstopdf)                    size: 7501 bytes
(epstopdf)             Command: <repstopdf --outfile=images/raster-eps-converte
d-to.pdf images/raster.eps>
(epstopdf)             \includegraphics on input line 321.
Package epstopdf Info: Output file is already uptodate.

<images/raster-eps-converted-to.pdf, id=82, 339.2675pt x 139.52126pt>
File: images/raster-eps-converted-to.pdf Graphic file (type pdf)

<use images/raster-eps-converted-to.pdf>
Package pdftex.def Info: images/raster-eps-converted-to.pdf used on input line 
321.
(pdftex.def)             Requested size: 216.81pt x 89.1613pt.

Overfull \hbox (21.24573pt too wide) in paragraph at lines 315--325
 [] 
 []

[14] [15 <./images/songwithSpect-eps-converted-to.pdf> <./images/Finch-Zebra-ep
s-converted-to.pdf> <./images/raster-eps-converted-to.pdf>]
Overfull \hbox (21.24573pt too wide) in paragraph at lines 396--397
[] 
 []

) [16] [17]
Chapter 2.
(./chapters/chapter02.tex [18

]
Package epstopdf Info: Source file: <images/networkcvsnc.eps>
(epstopdf)                    date: 2015-02-09 12:11:43
(epstopdf)                    size: 20780 bytes
(epstopdf)             Output file: <images/networkcvsnc-eps-converted-to.pdf>
(epstopdf)                    date: 2015-02-09 12:11:43
(epstopdf)                    size: 9275 bytes
(epstopdf)             Command: <repstopdf --outfile=images/networkcvsnc-eps-co
nverted-to.pdf images/networkcvsnc.eps>
(epstopdf)             \includegraphics on input line 34.
Package epstopdf Info: Output file is already uptodate.

<images/networkcvsnc-eps-converted-to.pdf, id=110, 540.0175pt x 164.615pt>
File: images/networkcvsnc-eps-converted-to.pdf Graphic file (type pdf)

<use images/networkcvsnc-eps-converted-to.pdf>
Package pdftex.def Info: images/networkcvsnc-eps-converted-to.pdf used on input
 line 34.
(pdftex.def)             Requested size: 350.99762pt x 106.99847pt.

Overfull \hbox (21.24573pt too wide) in paragraph at lines 34--40
 [] 
 []

[19] [20 <./images/networkcvsnc-eps-converted-to.pdf>] [21] [22] [23] [24]
[25] [26] [27] [28] [29] [30] [31]
Package epstopdf Info: Source file: <images/kmedoids.eps>
(epstopdf)                    date: 2015-02-09 12:11:43
(epstopdf)                    size: 26583 bytes
(epstopdf)             Output file: <images/kmedoids-eps-converted-to.pdf>
(epstopdf)                    date: 2015-02-09 12:11:43
(epstopdf)                    size: 11196 bytes
(epstopdf)             Command: <repstopdf --outfile=images/kmedoids-eps-conver
ted-to.pdf images/kmedoids.eps>
(epstopdf)             \includegraphics on input line 332.
Package epstopdf Info: Output file is already uptodate.

<images/kmedoids-eps-converted-to.pdf, id=164, 273.02pt x 227.85126pt>
File: images/kmedoids-eps-converted-to.pdf Graphic file (type pdf)

<use images/kmedoids-eps-converted-to.pdf>
Package pdftex.def Info: images/kmedoids-eps-converted-to.pdf used on input lin
e 332.
(pdftex.def)             Requested size: 234.00238pt x 195.29115pt.

Overfull \hbox (21.24573pt too wide) in paragraph at lines 332--340
 [] 
 []

[32 <./images/kmedoids-eps-converted-to.pdf>] [33]
Package epstopdf Info: Source file: <images/expresults.eps>
(epstopdf)                    date: 2012-02-08 19:12:06
(epstopdf)                    size: 73325 bytes
(epstopdf)             Output file: <images/expresults-eps-converted-to.pdf>
(epstopdf)                    date: 2015-02-18 19:59:53
(epstopdf)                    size: 51215 bytes
(epstopdf)             Command: <repstopdf --outfile=images/expresults-eps-conv
erted-to.pdf images/expresults.eps>
(epstopdf)             \includegraphics on input line 392.
Package epstopdf Info: Output file is already uptodate.

<images/expresults-eps-converted-to.pdf, id=178, 568.1225pt x 733.74126pt>
File: images/expresults-eps-converted-to.pdf Graphic file (type pdf)

<use images/expresults-eps-converted-to.pdf>
Package pdftex.def Info: images/expresults-eps-converted-to.pdf used on input l
ine 392.
(pdftex.def)             Requested size: 195.0pt x 251.84227pt.

Overfull \hbox (21.24573pt too wide) in paragraph at lines 392--401
 [] 
 []

[34] [35 <./images/expresults-eps-converted-to.pdf>] [36] [37] [38]
Package epstopdf Info: Source file: <images/modelnetwork.eps>
(epstopdf)                    date: 2015-02-09 12:11:43
(epstopdf)                    size: 209788 bytes
(epstopdf)             Output file: <images/modelnetwork-eps-converted-to.pdf>
(epstopdf)                    date: 2015-02-09 12:11:43
(epstopdf)                    size: 10518 bytes
(epstopdf)             Command: <repstopdf --outfile=images/modelnetwork-eps-co
nverted-to.pdf images/modelnetwork.eps>
(epstopdf)             \includegraphics on input line 480.
Package epstopdf Info: Output file is already uptodate.

<images/modelnetwork-eps-converted-to.pdf, id=204, 803.0pt x 462.72874pt>
File: images/modelnetwork-eps-converted-to.pdf Graphic file (type pdf)

<use images/modelnetwork-eps-converted-to.pdf>
Package pdftex.def Info: images/modelnetwork-eps-converted-to.pdf used on input
 line 480.
(pdftex.def)             Requested size: 350.99762pt x 202.2668pt.

Overfull \hbox (21.24573pt too wide) in paragraph at lines 480--483
 [] 
 []

[39]
Package epstopdf Info: Source file: <images/directednetnodes.eps>
(epstopdf)                    date: 2015-02-09 12:11:43
(epstopdf)                    size: 43533 bytes
(epstopdf)             Output file: <images/directednetnodes-eps-converted-to.p
df>
(epstopdf)                    date: 2015-02-09 12:11:43
(epstopdf)                    size: 12426 bytes
(epstopdf)             Command: <repstopdf --outfile=images/directednetnodes-ep
s-converted-to.pdf images/directednetnodes.eps>
(epstopdf)             \includegraphics on input line 493.
Package epstopdf Info: Output file is already uptodate.

<images/directednetnodes-eps-converted-to.pdf, id=209, 799.98875pt x 521.95pt>
File: images/directednetnodes-eps-converted-to.pdf Graphic file (type pdf)

<use images/directednetnodes-eps-converted-to.pdf>
Package pdftex.def Info: images/directednetnodes-eps-converted-to.pdf used on i
nput line 493.
(pdftex.def)             Requested size: 155.99762pt x 101.77585pt.
 (./images/conn1.tex
Package epstopdf Info: Source file: <images/conn1.eps>
(epstopdf)                    date: 2015-02-17 16:19:33
(epstopdf)                    size: 23779 bytes
(epstopdf)             Output file: <images/conn1-eps-converted-to.pdf>
(epstopdf)                    date: 2015-02-17 16:21:24
(epstopdf)                    size: 20093 bytes
(epstopdf)             Command: <repstopdf --outfile=images/conn1-eps-converted
-to.pdf images/conn1.eps>
(epstopdf)             \includegraphics on input line 106.
Package epstopdf Info: Output file is already uptodate.

<images/conn1-eps-converted-to.pdf, id=210, 361.35pt x 252.945pt>
File: images/conn1-eps-converted-to.pdf Graphic file (type pdf)

<use images/conn1-eps-converted-to.pdf>
Package pdftex.def Info: images/conn1-eps-converted-to.pdf used on input line 1
06.
(pdftex.def)             Requested size: 361.34912pt x 252.94438pt.
)
Overfull \hbox (21.24573pt too wide) in paragraph at lines 491--498
 [] 
 []


LaTeX Warning: `!h' float specifier changed to `!ht'.

[40 <./images/modelnetwork-eps-converted-to.pdf>] [41 <./images/directednetnode
s-eps-converted-to.pdf> <./images/conn1-eps-converted-to.pdf>]
(./images/IMI1.tex
Package epstopdf Info: Source file: <images/IMI1.eps>
(epstopdf)                    date: 2015-02-17 16:02:10
(epstopdf)                    size: 24304 bytes
(epstopdf)             Output file: <images/IMI1-eps-converted-to.pdf>
(epstopdf)                    date: 2015-02-17 16:04:03
(epstopdf)                    size: 20922 bytes
(epstopdf)             Command: <repstopdf --outfile=images/IMI1-eps-converted-
to.pdf images/IMI1.eps>
(epstopdf)             \includegraphics on input line 106.
Package epstopdf Info: Output file is already uptodate.

<images/IMI1-eps-converted-to.pdf, id=232, 361.35pt x 252.945pt>
File: images/IMI1-eps-converted-to.pdf Graphic file (type pdf)

<use images/IMI1-eps-converted-to.pdf>
Package pdftex.def Info: images/IMI1-eps-converted-to.pdf used on input line 10
6.
(pdftex.def)             Requested size: 361.34912pt x 252.94438pt.
) (./images/IMI3.tex
Package epstopdf Info: Source file: <images/IMI3.eps>
(epstopdf)                    date: 2015-02-17 16:02:10
(epstopdf)                    size: 24395 bytes
(epstopdf)             Output file: <images/IMI3-eps-converted-to.pdf>
(epstopdf)                    date: 2015-02-17 16:04:05
(epstopdf)                    size: 21032 bytes
(epstopdf)             Command: <repstopdf --outfile=images/IMI3-eps-converted-
to.pdf images/IMI3.eps>
(epstopdf)             \includegraphics on input line 107.
Package epstopdf Info: Output file is already uptodate.

<images/IMI3-eps-converted-to.pdf, id=233, 361.35pt x 252.945pt>
File: images/IMI3-eps-converted-to.pdf Graphic file (type pdf)

<use images/IMI3-eps-converted-to.pdf>
Package pdftex.def Info: images/IMI3-eps-converted-to.pdf used on input line 10
7.
(pdftex.def)             Requested size: 361.34912pt x 252.94438pt.
) (./images/IMI5.tex
Package epstopdf Info: Source file: <images/IMI5.eps>
(epstopdf)                    date: 2015-02-17 16:02:10
(epstopdf)                    size: 24354 bytes
(epstopdf)             Output file: <images/IMI5-eps-converted-to.pdf>
(epstopdf)                    date: 2015-02-17 16:04:07
(epstopdf)                    size: 21009 bytes
(epstopdf)             Command: <repstopdf --outfile=images/IMI5-eps-converted-
to.pdf images/IMI5.eps>
(epstopdf)             \includegraphics on input line 107.
Package epstopdf Info: Output file is already uptodate.

<images/IMI5-eps-converted-to.pdf, id=234, 361.35pt x 252.945pt>
File: images/IMI5-eps-converted-to.pdf Graphic file (type pdf)

<use images/IMI5-eps-converted-to.pdf>
Package pdftex.def Info: images/IMI5-eps-converted-to.pdf used on input line 10
7.
(pdftex.def)             Requested size: 361.34912pt x 252.94438pt.
) (./images/IMI7.tex
Package epstopdf Info: Source file: <images/IMI7.eps>
(epstopdf)                    date: 2015-02-17 16:02:10
(epstopdf)                    size: 24212 bytes
(epstopdf)             Output file: <images/IMI7-eps-converted-to.pdf>
(epstopdf)                    date: 2015-02-17 16:04:08
(epstopdf)                    size: 20780 bytes
(epstopdf)             Command: <repstopdf --outfile=images/IMI7-eps-converted-
to.pdf images/IMI7.eps>
(epstopdf)             \includegraphics on input line 104.
Package epstopdf Info: Output file is already uptodate.

<images/IMI7-eps-converted-to.pdf, id=235, 361.35pt x 252.945pt>
File: images/IMI7-eps-converted-to.pdf Graphic file (type pdf)

<use images/IMI7-eps-converted-to.pdf>
Package pdftex.def Info: images/IMI7-eps-converted-to.pdf used on input line 10
4.
(pdftex.def)             Requested size: 361.34912pt x 252.94438pt.
) (./images/IMI9.tex
Package epstopdf Info: Source file: <images/IMI9.eps>
(epstopdf)                    date: 2015-02-17 16:02:10
(epstopdf)                    size: 24234 bytes
(epstopdf)             Output file: <images/IMI9-eps-converted-to.pdf>
(epstopdf)                    date: 2015-02-17 16:04:10
(epstopdf)                    size: 20703 bytes
(epstopdf)             Command: <repstopdf --outfile=images/IMI9-eps-converted-
to.pdf images/IMI9.eps>
(epstopdf)             \includegraphics on input line 108.
Package epstopdf Info: Output file is already uptodate.

<images/IMI9-eps-converted-to.pdf, id=236, 361.35pt x 252.945pt>
File: images/IMI9-eps-converted-to.pdf Graphic file (type pdf)

<use images/IMI9-eps-converted-to.pdf>
Package pdftex.def Info: images/IMI9-eps-converted-to.pdf used on input line 10
8.
(pdftex.def)             Requested size: 361.34912pt x 252.94438pt.
) (./images/IMI11.tex
Package epstopdf Info: Source file: <images/IMI11.eps>
(epstopdf)                    date: 2015-02-17 16:02:10
(epstopdf)                    size: 24005 bytes
(epstopdf)             Output file: <images/IMI11-eps-converted-to.pdf>
(epstopdf)                    date: 2015-02-17 16:04:12
(epstopdf)                    size: 20496 bytes
(epstopdf)             Command: <repstopdf --outfile=images/IMI11-eps-converted
-to.pdf images/IMI11.eps>
(epstopdf)             \includegraphics on input line 105.
Package epstopdf Info: Output file is already uptodate.

<images/IMI11-eps-converted-to.pdf, id=237, 361.35pt x 252.945pt>
File: images/IMI11-eps-converted-to.pdf Graphic file (type pdf)

<use images/IMI11-eps-converted-to.pdf>
Package pdftex.def Info: images/IMI11-eps-converted-to.pdf used on input line 1
05.
(pdftex.def)             Requested size: 361.34912pt x 252.94438pt.
) (./images/IMI13.tex
Package epstopdf Info: Source file: <images/IMI13.eps>
(epstopdf)                    date: 2015-02-17 16:02:10
(epstopdf)                    size: 23946 bytes
(epstopdf)             Output file: <images/IMI13-eps-converted-to.pdf>
(epstopdf)                    date: 2015-02-17 16:04:13
(epstopdf)                    size: 20381 bytes
(epstopdf)             Command: <repstopdf --outfile=images/IMI13-eps-converted
-to.pdf images/IMI13.eps>
(epstopdf)             \includegraphics on input line 104.
Package epstopdf Info: Output file is already uptodate.

<images/IMI13-eps-converted-to.pdf, id=238, 361.35pt x 252.945pt>
File: images/IMI13-eps-converted-to.pdf Graphic file (type pdf)

<use images/IMI13-eps-converted-to.pdf>
Package pdftex.def Info: images/IMI13-eps-converted-to.pdf used on input line 1
04.
(pdftex.def)             Requested size: 361.34912pt x 252.94438pt.
) (./images/IMI15.tex
Package epstopdf Info: Source file: <images/IMI15.eps>
(epstopdf)                    date: 2015-02-17 16:02:10
(epstopdf)                    size: 23847 bytes
(epstopdf)             Output file: <images/IMI15-eps-converted-to.pdf>
(epstopdf)                    date: 2015-02-17 16:04:15
(epstopdf)                    size: 20182 bytes
(epstopdf)             Command: <repstopdf --outfile=images/IMI15-eps-converted
-to.pdf images/IMI15.eps>
(epstopdf)             \includegraphics on input line 108.
Package epstopdf Info: Output file is already uptodate.

<images/IMI15-eps-converted-to.pdf, id=239, 361.35pt x 252.945pt>
File: images/IMI15-eps-converted-to.pdf Graphic file (type pdf)

<use images/IMI15-eps-converted-to.pdf>
Package pdftex.def Info: images/IMI15-eps-converted-to.pdf used on input line 1
08.
(pdftex.def)             Requested size: 361.34912pt x 252.94438pt.
) (./images/IMI17.tex
Package epstopdf Info: Source file: <images/IMI17.eps>
(epstopdf)                    date: 2015-02-17 16:02:10
(epstopdf)                    size: 23712 bytes
(epstopdf)             Output file: <images/IMI17-eps-converted-to.pdf>
(epstopdf)                    date: 2015-02-17 16:04:17
(epstopdf)                    size: 20029 bytes
(epstopdf)             Command: <repstopdf --outfile=images/IMI17-eps-converted
-to.pdf images/IMI17.eps>
(epstopdf)             \includegraphics on input line 107.
Package epstopdf Info: Output file is already uptodate.

<images/IMI17-eps-converted-to.pdf, id=240, 361.35pt x 252.945pt>
File: images/IMI17-eps-converted-to.pdf Graphic file (type pdf)

<use images/IMI17-eps-converted-to.pdf>
Package pdftex.def Info: images/IMI17-eps-converted-to.pdf used on input line 1
07.
(pdftex.def)             Requested size: 361.34912pt x 252.94438pt.
)
Overfull \hbox (21.24573pt too wide) in paragraph at lines 513--523
 [] 
 []

(./images/TB1.tex
Package epstopdf Info: Source file: <images/TB1.eps>
(epstopdf)                    date: 2015-02-17 18:09:05
(epstopdf)                    size: 25372 bytes
(epstopdf)             Output file: <images/TB1-eps-converted-to.pdf>
(epstopdf)                    date: 2015-02-19 13:51:41
(epstopdf)                    size: 20219 bytes
(epstopdf)             Command: <repstopdf --outfile=images/TB1-eps-converted-t
o.pdf images/TB1.eps>
(epstopdf)             \includegraphics on input line 104.
Package epstopdf Info: Output file is already uptodate.

<images/TB1-eps-converted-to.pdf, id=241, 361.35pt x 252.945pt>
File: images/TB1-eps-converted-to.pdf Graphic file (type pdf)

<use images/TB1-eps-converted-to.pdf>
Package pdftex.def Info: images/TB1-eps-converted-to.pdf used on input line 104
.
(pdftex.def)             Requested size: 361.34912pt x 252.94438pt.
) (./images/TB17.tex
Package epstopdf Info: Source file: <images/TB17.eps>
(epstopdf)                    date: 2015-02-17 18:09:05
(epstopdf)                    size: 23851 bytes
(epstopdf)             Output file: <images/TB17-eps-converted-to.pdf>
(epstopdf)                    date: 2015-02-19 13:51:43
(epstopdf)                    size: 19559 bytes
(epstopdf)             Command: <repstopdf --outfile=images/TB17-eps-converted-
to.pdf images/TB17.eps>
(epstopdf)             \includegraphics on input line 104.
Package epstopdf Info: Output file is already uptodate.

<images/TB17-eps-converted-to.pdf, id=242, 361.35pt x 252.945pt>
File: images/TB17-eps-converted-to.pdf Graphic file (type pdf)

<use images/TB17-eps-converted-to.pdf>
Package pdftex.def Info: images/TB17-eps-converted-to.pdf used on input line 10
4.
(pdftex.def)             Requested size: 361.34912pt x 252.94438pt.
)
Overfull \hbox (21.24573pt too wide) in paragraph at lines 540--541
[] 
 []

[42] (./images/TC1.tex
Package epstopdf Info: Source file: <images/TC1.eps>
(epstopdf)                    date: 2015-02-17 17:32:25
(epstopdf)                    size: 24631 bytes
(epstopdf)             Output file: <images/TC1-eps-converted-to.pdf>
(epstopdf)                    date: 2015-02-19 14:46:02
(epstopdf)                    size: 20092 bytes
(epstopdf)             Command: <repstopdf --outfile=images/TC1-eps-converted-t
o.pdf images/TC1.eps>
(epstopdf)             \includegraphics on input line 104.
Package epstopdf Info: Output file is already uptodate.

<images/TC1-eps-converted-to.pdf, id=246, 361.35pt x 252.945pt>
File: images/TC1-eps-converted-to.pdf Graphic file (type pdf)

<use images/TC1-eps-converted-to.pdf>
Package pdftex.def Info: images/TC1-eps-converted-to.pdf used on input line 104
.
(pdftex.def)             Requested size: 361.34912pt x 252.94438pt.
) (./images/TC17.tex
Package epstopdf Info: Source file: <images/TC17.eps>
(epstopdf)                    date: 2015-02-17 17:32:25
(epstopdf)                    size: 23793 bytes
(epstopdf)             Output file: <images/TC17-eps-converted-to.pdf>
(epstopdf)                    date: 2015-02-19 14:46:03
(epstopdf)                    size: 19567 bytes
(epstopdf)             Command: <repstopdf --outfile=images/TC17-eps-converted-
to.pdf images/TC17.eps>
(epstopdf)             \includegraphics on input line 106.
Package epstopdf Info: Output file is already uptodate.

<images/TC17-eps-converted-to.pdf, id=247, 361.35pt x 252.945pt>
File: images/TC17-eps-converted-to.pdf Graphic file (type pdf)

<use images/TC17-eps-converted-to.pdf>
Package pdftex.def Info: images/TC17-eps-converted-to.pdf used on input line 10
6.
(pdftex.def)             Requested size: 361.34912pt x 252.94438pt.
)
Overfull \hbox (21.24573pt too wide) in paragraph at lines 562--563
[] 
 []

[43]) [44] [45 <./images/IMI1-eps-converted-to.pdf> <./images/IMI3-eps-converte
d-to.pdf> <./images/IMI5-eps-converted-to.pdf> <./images/IMI7-eps-converted-to.
pdf> <./images/IMI9-eps-converted-to.pdf> <./images/IMI11-eps-converted-to.pdf>
 <./images/IMI13-eps-converted-to.pdf> <./images/IMI15-eps-converted-to.pdf> <.
/images/IMI17-eps-converted-to.pdf>] [46 <./images/TB1-eps-converted-to.pdf> <.
/images/TB17-eps-converted-to.pdf>] [47 <./images/TC1-eps-converted-to.pdf> <./
images/TC17-eps-converted-to.pdf>]
Chapter 3.
(./chapters/chapter03.tex [48

]
Overfull \hbox (0.5547pt too wide) in paragraph at lines 17--19
\OT1/cmr/m/n/12 and fol-low-ing spikes from each spike train, which are la-bell
ed $\OML/cmm/m/it/12 t[]\OT1/cmr/m/n/12 (\OML/cmm/m/it/12 t\OT1/cmr/m/n/12 )\OM
L/cmm/m/it/12 ; t[]\OT1/cmr/m/n/12 (\OML/cmm/m/it/12 t\OT1/cmr/m/n/12 )\OML/cmm
/m/it/12 ; t[]\OT1/cmr/m/n/12 (\OML/cmm/m/it/12 t\OT1/cmr/m/n/12 )$
 []

[49] [50] [51]
Overfull \hbox (21.24573pt too wide) in paragraph at lines 117--118
[] 
 []

[52] [53] [54]
Overfull \hbox (21.24573pt too wide) in paragraph at lines 224--227
 [] 
 []

(./images/BS.tex
Package epstopdf Info: Source file: <images/BS.eps>
(epstopdf)                    date: 2015-02-13 15:42:36
(epstopdf)                    size: 17025 bytes
(epstopdf)             Output file: <images/BS-eps-converted-to.pdf>
(epstopdf)                    date: 2015-02-13 15:42:36
(epstopdf)                    size: 2903 bytes
(epstopdf)             Command: <repstopdf --outfile=images/BS-eps-converted-to
.pdf images/BS.eps>
(epstopdf)             \includegraphics on input line 97.
Package epstopdf Info: Output file is already uptodate.

<images/BS-eps-converted-to.pdf, id=327, 361.35pt x 252.945pt>
File: images/BS-eps-converted-to.pdf Graphic file (type pdf)

<use images/BS-eps-converted-to.pdf>
Package pdftex.def Info: images/BS-eps-converted-to.pdf used on input line 97.
(pdftex.def)             Requested size: 361.34912pt x 252.94438pt.
)
Underfull \hbox (badness 10000) in paragraph at lines 99--235
[][]
 []


Overfull \hbox (21.24573pt too wide) in paragraph at lines 99--235
[] 
 []

(./images/bestBS.tex
Package epstopdf Info: Source file: <images/bestBS.eps>
(epstopdf)                    date: 2015-02-13 15:42:36
(epstopdf)                    size: 17028 bytes
(epstopdf)             Output file: <images/bestBS-eps-converted-to.pdf>
(epstopdf)                    date: 2015-02-13 15:42:36
(epstopdf)                    size: 3330 bytes
(epstopdf)             Command: <repstopdf --outfile=images/bestBS-eps-converte
d-to.pdf images/bestBS.eps>
(epstopdf)             \includegraphics on input line 95.
Package epstopdf Info: Output file is already uptodate.

<images/bestBS-eps-converted-to.pdf, id=328, 361.35pt x 252.945pt>
File: images/bestBS-eps-converted-to.pdf Graphic file (type pdf)

<use images/bestBS-eps-converted-to.pdf>
Package pdftex.def Info: images/bestBS-eps-converted-to.pdf used on input line 
95.
(pdftex.def)             Requested size: 361.34912pt x 252.94438pt.
)
Underfull \hbox (badness 10000) in paragraph at lines 97--247
[][]
 []


Overfull \hbox (21.24573pt too wide) in paragraph at lines 97--247
[] 
 []

[55] [56] (./images/multSPIKE.tex
Package epstopdf Info: Source file: <images/multSPIKE.eps>
(epstopdf)                    date: 2015-02-13 15:42:38
(epstopdf)                    size: 17040 bytes
(epstopdf)             Output file: <images/multSPIKE-eps-converted-to.pdf>
(epstopdf)                    date: 2015-02-13 15:42:38
(epstopdf)                    size: 2917 bytes
(epstopdf)             Command: <repstopdf --outfile=images/multSPIKE-eps-conve
rted-to.pdf images/multSPIKE.eps>
(epstopdf)             \includegraphics on input line 97.
Package epstopdf Info: Output file is already uptodate.

<images/multSPIKE-eps-converted-to.pdf, id=335, 361.35pt x 252.945pt>
File: images/multSPIKE-eps-converted-to.pdf Graphic file (type pdf)

<use images/multSPIKE-eps-converted-to.pdf>
Package pdftex.def Info: images/multSPIKE-eps-converted-to.pdf used on input li
ne 97.
(pdftex.def)             Requested size: 361.34912pt x 252.94438pt.
)
Underfull \hbox (badness 10000) in paragraph at lines 99--269
[][]
 []


Overfull \hbox (21.24573pt too wide) in paragraph at lines 99--269
[] 
 []

(./images/bestmultSpike.tex
Package epstopdf Info: Source file: <images/bestmultSpike.eps>
(epstopdf)                    date: 2015-02-13 15:42:36
(epstopdf)                    size: 17070 bytes
(epstopdf)             Output file: <images/bestmultSpike-eps-converted-to.pdf>

(epstopdf)                    date: 2015-02-13 15:42:36
(epstopdf)                    size: 3329 bytes
(epstopdf)             Command: <repstopdf --outfile=images/bestmultSpike-eps-c
onverted-to.pdf images/bestmultSpike.eps>
(epstopdf)             \includegraphics on input line 96.
Package epstopdf Info: Output file is already uptodate.

<images/bestmultSpike-eps-converted-to.pdf, id=336, 361.35pt x 252.945pt>
File: images/bestmultSpike-eps-converted-to.pdf Graphic file (type pdf)

<use images/bestmultSpike-eps-converted-to.pdf>
Package pdftex.def Info: images/bestmultSpike-eps-converted-to.pdf used on inpu
t line 96.
(pdftex.def)             Requested size: 361.34912pt x 252.94438pt.
)
Underfull \hbox (badness 10000) in paragraph at lines 98--276
[][]
 []


Overfull \hbox (21.24573pt too wide) in paragraph at lines 98--276
[] 
 []

[57] [58] [59] (./images/maxmin.tex
Package epstopdf Info: Source file: <images/maxmin.eps>
(epstopdf)                    date: 2015-02-13 15:42:37
(epstopdf)                    size: 17027 bytes
(epstopdf)             Output file: <images/maxmin-eps-converted-to.pdf>
(epstopdf)                    date: 2015-02-13 15:42:37
(epstopdf)                    size: 2916 bytes
(epstopdf)             Command: <repstopdf --outfile=images/maxmin-eps-converte
d-to.pdf images/maxmin.eps>
(epstopdf)             \includegraphics on input line 97.
Package epstopdf Info: Output file is already uptodate.

<images/maxmin-eps-converted-to.pdf, id=348, 361.35pt x 252.945pt>
File: images/maxmin-eps-converted-to.pdf Graphic file (type pdf)

<use images/maxmin-eps-converted-to.pdf>
Package pdftex.def Info: images/maxmin-eps-converted-to.pdf used on input line 
97.
(pdftex.def)             Requested size: 361.34912pt x 252.94438pt.
)
Underfull \hbox (badness 10000) in paragraph at lines 99--343
[][]
 []


Overfull \hbox (21.24573pt too wide) in paragraph at lines 99--343
[] 
 []

[60] [61] (./images/avvspop.tex
Package epstopdf Info: Source file: <images/avvspop.eps>
(epstopdf)                    date: 2015-02-13 15:42:36
(epstopdf)                    size: 17268 bytes
(epstopdf)             Output file: <images/avvspop-eps-converted-to.pdf>
(epstopdf)                    date: 2015-02-13 15:42:36
(epstopdf)                    size: 2989 bytes
(epstopdf)             Command: <repstopdf --outfile=images/avvspop-eps-convert
ed-to.pdf images/avvspop.eps>
(epstopdf)             \includegraphics on input line 97.
Package epstopdf Info: Output file is already uptodate.

<images/avvspop-eps-converted-to.pdf, id=355, 361.35pt x 252.945pt>
File: images/avvspop-eps-converted-to.pdf Graphic file (type pdf)

<use images/avvspop-eps-converted-to.pdf>
Package pdftex.def Info: images/avvspop-eps-converted-to.pdf used on input line
 97.
(pdftex.def)             Requested size: 361.34912pt x 252.94438pt.
)
Underfull \hbox (badness 10000) in paragraph at lines 99--389
[][]
 []


Overfull \hbox (21.24573pt too wide) in paragraph at lines 99--389
[] 
 []

(./images/bestpav.tex
Package epstopdf Info: Source file: <images/bestpav.eps>
(epstopdf)                    date: 2015-02-13 15:42:36
(epstopdf)                    size: 16955 bytes
(epstopdf)             Output file: <images/bestpav-eps-converted-to.pdf>
(epstopdf)                    date: 2015-02-13 15:42:36
(epstopdf)                    size: 3304 bytes
(epstopdf)             Command: <repstopdf --outfile=images/bestpav-eps-convert
ed-to.pdf images/bestpav.eps>
(epstopdf)             \includegraphics on input line 96.
Package epstopdf Info: Output file is already uptodate.

<images/bestpav-eps-converted-to.pdf, id=356, 361.35pt x 252.945pt>
File: images/bestpav-eps-converted-to.pdf Graphic file (type pdf)

<use images/bestpav-eps-converted-to.pdf>
Package pdftex.def Info: images/bestpav-eps-converted-to.pdf used on input line
 96.
(pdftex.def)             Requested size: 361.34912pt x 252.94438pt.
)
Underfull \hbox (badness 10000) in paragraph at lines 98--396
[][]
 []


Overfull \hbox (21.24573pt too wide) in paragraph at lines 98--396
[] 
 []

(./images/bestppop.tex
Package epstopdf Info: Source file: <images/bestppop.eps>
(epstopdf)                    date: 2015-02-13 15:42:36
(epstopdf)                    size: 16972 bytes
(epstopdf)             Output file: <images/bestppop-eps-converted-to.pdf>
(epstopdf)                    date: 2015-02-13 15:42:36
(epstopdf)                    size: 3315 bytes
(epstopdf)             Command: <repstopdf --outfile=images/bestppop-eps-conver
ted-to.pdf images/bestppop.eps>
(epstopdf)             \includegraphics on input line 96.
Package epstopdf Info: Output file is already uptodate.

<images/bestppop-eps-converted-to.pdf, id=357, 361.35pt x 252.945pt>
File: images/bestppop-eps-converted-to.pdf Graphic file (type pdf)

<use images/bestppop-eps-converted-to.pdf>
Package pdftex.def Info: images/bestppop-eps-converted-to.pdf used on input lin
e 96.
(pdftex.def)             Requested size: 361.34912pt x 252.94438pt.
)
Underfull \hbox (badness 10000) in paragraph at lines 98--403
[][]
 []


Overfull \hbox (21.24573pt too wide) in paragraph at lines 98--403
[] 
 []

[62] [63] (./images/zoav.tex
Package epstopdf Info: Source file: <images/zoav.eps>
(epstopdf)                    date: 2015-02-13 15:42:39
(epstopdf)                    size: 16503 bytes
(epstopdf)             Output file: <images/zoav-eps-converted-to.pdf>
(epstopdf)                    date: 2015-02-13 15:42:39
(epstopdf)                    size: 2961 bytes
(epstopdf)             Command: <repstopdf --outfile=images/zoav-eps-converted-
to.pdf images/zoav.eps>
(epstopdf)             \includegraphics on input line 100.
Package epstopdf Info: Output file is already uptodate.

<images/zoav-eps-converted-to.pdf, id=365, 361.35pt x 252.945pt>
File: images/zoav-eps-converted-to.pdf Graphic file (type pdf)

<use images/zoav-eps-converted-to.pdf>
Package pdftex.def Info: images/zoav-eps-converted-to.pdf used on input line 10
0.
(pdftex.def)             Requested size: 361.34912pt x 252.94438pt.
) (./images/zopop.tex
Package epstopdf Info: Source file: <images/zopop.eps>
(epstopdf)                    date: 2015-02-13 15:42:40
(epstopdf)                    size: 16514 bytes
(epstopdf)             Output file: <images/zopop-eps-converted-to.pdf>
(epstopdf)                    date: 2015-02-13 15:42:40
(epstopdf)                    size: 2969 bytes
(epstopdf)             Command: <repstopdf --outfile=images/zopop-eps-converted
-to.pdf images/zopop.eps>
(epstopdf)             \includegraphics on input line 100.
Package epstopdf Info: Output file is already uptodate.

<images/zopop-eps-converted-to.pdf, id=366, 361.35pt x 252.945pt>
File: images/zopop-eps-converted-to.pdf Graphic file (type pdf)

<use images/zopop-eps-converted-to.pdf>
Package pdftex.def Info: images/zopop-eps-converted-to.pdf used on input line 1
00.
(pdftex.def)             Requested size: 361.34912pt x 252.94438pt.
) (./images/zhav.tex
Package epstopdf Info: Source file: <images/zhav.eps>
(epstopdf)                    date: 2015-02-13 20:21:46
(epstopdf)                    size: 16505 bytes
(epstopdf)             Output file: <images/zhav-eps-converted-to.pdf>
(epstopdf)                    date: 2015-02-13 20:22:22
(epstopdf)                    size: 2965 bytes
(epstopdf)             Command: <repstopdf --outfile=images/zhav-eps-converted-
to.pdf images/zhav.eps>
(epstopdf)             \includegraphics on input line 99.
Package epstopdf Info: Output file is already uptodate.

<images/zhav-eps-converted-to.pdf, id=367, 361.35pt x 252.945pt>
File: images/zhav-eps-converted-to.pdf Graphic file (type pdf)

<use images/zhav-eps-converted-to.pdf>
Package pdftex.def Info: images/zhav-eps-converted-to.pdf used on input line 99
.
(pdftex.def)             Requested size: 361.34912pt x 252.94438pt.
) (./images/zhpop.tex
Package epstopdf Info: Source file: <images/zhpop.eps>
(epstopdf)                    date: 2015-02-13 20:21:04
(epstopdf)                    size: 16515 bytes
(epstopdf)             Output file: <images/zhpop-eps-converted-to.pdf>
(epstopdf)                    date: 2015-02-13 20:22:23
(epstopdf)                    size: 2965 bytes
(epstopdf)             Command: <repstopdf --outfile=images/zhpop-eps-converted
-to.pdf images/zhpop.eps>
(epstopdf)             \includegraphics on input line 99.
Package epstopdf Info: Output file is already uptodate.

<images/zhpop-eps-converted-to.pdf, id=368, 361.35pt x 252.945pt>
File: images/zhpop-eps-converted-to.pdf Graphic file (type pdf)

<use images/zhpop-eps-converted-to.pdf>
Package pdftex.def Info: images/zhpop-eps-converted-to.pdf used on input line 9
9.
(pdftex.def)             Requested size: 361.34912pt x 252.94438pt.
)
Overfull \hbox (24.01111pt too wide) in paragraph at lines 445--453
 [] 
 []


Overfull \hbox (21.24573pt too wide) in paragraph at lines 445--453
 [] 
 []

) [64] [65 <./images/BS-eps-converted-to.pdf>] [66 <./images/bestBS-eps-convert
ed-to.pdf>] [67 <./images/multSPIKE-eps-converted-to.pdf>] [68 <./images/bestmu
ltSpike-eps-converted-to.pdf>] [69 <./images/maxmin-eps-converted-to.pdf>]
[70 <./images/avvspop-eps-converted-to.pdf>] [71 <./images/bestpav-eps-converte
d-to.pdf>] [72 <./images/bestppop-eps-converted-to.pdf>] [73 <./images/zoav-eps
-converted-to.pdf> <./images/zopop-eps-converted-to.pdf> <./images/zhav-eps-con
verted-to.pdf> <./images/zhpop-eps-converted-to.pdf>]
Chapter 4.
(./chapters/chapter04.tex [74

]
Overfull \hbox (21.24573pt too wide) in paragraph at lines 62--65
 [] 
 []

[75] [76] (./images/tauoptoverpred.tex
Package epstopdf Info: Source file: <images/tauoptoverpred.eps>
(epstopdf)                    date: 2015-02-13 15:42:39
(epstopdf)                    size: 17113 bytes
(epstopdf)             Output file: <images/tauoptoverpred-eps-converted-to.pdf
>
(epstopdf)                    date: 2015-02-13 20:13:22
(epstopdf)                    size: 3377 bytes
(epstopdf)             Command: <repstopdf --outfile=images/tauoptoverpred-eps-
converted-to.pdf images/tauoptoverpred.eps>
(epstopdf)             \includegraphics on input line 103.
Package epstopdf Info: Output file is already uptodate.

<images/tauoptoverpred-eps-converted-to.pdf, id=434, 361.35pt x 252.945pt>
File: images/tauoptoverpred-eps-converted-to.pdf Graphic file (type pdf)

<use images/tauoptoverpred-eps-converted-to.pdf>
Package pdftex.def Info: images/tauoptoverpred-eps-converted-to.pdf used on inp
ut line 103.
(pdftex.def)             Requested size: 361.34912pt x 252.94438pt.
)
Overfull \hbox (21.24573pt too wide) in paragraph at lines 125--128
 [] 
 []

[77] [78 <./images/tauoptoverpred-eps-converted-to.pdf>]

Package amsmath Warning: Cannot use `split' here;
(amsmath)                trying to recover with `aligned' on input line 165.

[79]

LaTeX Warning: \oval, \circle, or \line size unavailable on input line 205.


LaTeX Warning: \oval, \circle, or \line size unavailable on input line 207.


LaTeX Warning: \oval, \circle, or \line size unavailable on input line 209.


Overfull \hbox (21.24573pt too wide) in paragraph at lines 216--219
 [] 
 []

[80] [81] [82] [83] [84] [85] (./images/estrate.tex
Package epstopdf Info: Source file: <images/estrate.eps>
(epstopdf)                    date: 2015-02-13 15:42:36
(epstopdf)                    size: 115859 bytes
(epstopdf)             Output file: <images/estrate-eps-converted-to.pdf>
(epstopdf)                    date: 2015-02-13 15:42:36
(epstopdf)                    size: 32167 bytes
(epstopdf)             Command: <repstopdf --outfile=images/estrate-eps-convert
ed-to.pdf images/estrate.eps>
(epstopdf)             \includegraphics on input line 96.
Package epstopdf Info: Output file is already uptodate.

<images/estrate-eps-converted-to.pdf, id=465, 361.35pt x 252.945pt>
File: images/estrate-eps-converted-to.pdf Graphic file (type pdf)

<use images/estrate-eps-converted-to.pdf>
Package pdftex.def Info: images/estrate-eps-converted-to.pdf used on input line
 96.
(pdftex.def)             Requested size: 361.34912pt x 252.94438pt.
)
Underfull \hbox (badness 10000) in paragraph at lines 98--417
[][]
 []


Overfull \hbox (21.24573pt too wide) in paragraph at lines 98--417
[] 
 []

(./images/estrate2.tex
Package epstopdf Info: Source file: <images/estrate2.eps>
(epstopdf)                    date: 2015-02-13 15:42:36
(epstopdf)                    size: 118161 bytes
(epstopdf)             Output file: <images/estrate2-eps-converted-to.pdf>
(epstopdf)                    date: 2015-02-13 15:42:36
(epstopdf)                    size: 34442 bytes
(epstopdf)             Command: <repstopdf --outfile=images/estrate2-eps-conver
ted-to.pdf images/estrate2.eps>
(epstopdf)             \includegraphics on input line 96.
Package epstopdf Info: Output file is already uptodate.

<images/estrate2-eps-converted-to.pdf, id=466, 361.35pt x 252.945pt>
File: images/estrate2-eps-converted-to.pdf Graphic file (type pdf)

<use images/estrate2-eps-converted-to.pdf>
Package pdftex.def Info: images/estrate2-eps-converted-to.pdf used on input lin
e 96.
(pdftex.def)             Requested size: 361.34912pt x 252.94438pt.
)
Underfull \hbox (badness 10000) in paragraph at lines 98--424
[][]
 []


Overfull \hbox (21.24573pt too wide) in paragraph at lines 98--424
[] 
 []

[86] [87 <./images/estrate-eps-converted-to.pdf>] [88 <./images/estrate2-eps-co
nverted-to.pdf>] [89] (./images/ksdists.tex
Package epstopdf Info: Source file: <images/ksdists.eps>
(epstopdf)                    date: 2015-02-13 15:42:37
(epstopdf)                    size: 16375 bytes
(epstopdf)             Output file: <images/ksdists-eps-converted-to.pdf>
(epstopdf)                    date: 2015-02-13 15:42:37
(epstopdf)                    size: 2946 bytes
(epstopdf)             Command: <repstopdf --outfile=images/ksdists-eps-convert
ed-to.pdf images/ksdists.eps>
(epstopdf)             \includegraphics on input line 97.
Package epstopdf Info: Output file is already uptodate.

<images/ksdists-eps-converted-to.pdf, id=485, 361.35pt x 252.945pt>
File: images/ksdists-eps-converted-to.pdf Graphic file (type pdf)

<use images/ksdists-eps-converted-to.pdf>
Package pdftex.def Info: images/ksdists-eps-converted-to.pdf used on input line
 97.
(pdftex.def)             Requested size: 361.34912pt x 252.94438pt.
)
Underfull \hbox (badness 10000) in paragraph at lines 99--488
[][]
 []


Overfull \hbox (21.24573pt too wide) in paragraph at lines 99--488
[] 
 []

[90] [91 <./images/ksdists-eps-converted-to.pdf>]) [92]
Chapter 5.
(./chapters/conclusion.tex) (./main.bbl [93

] [94

] [95] [96] [97] [98] [99])
[100] (./main.aux) ) 
Here is how much of TeX's memory you used:
 3642 strings out of 493488
 53359 string characters out of 3141326
 125432 words of memory out of 3000000
 6745 multiletter control sequences out of 15000+200000
 17754 words of font info for 66 fonts, out of 3000000 for 9000
 957 hyphenation exceptions out of 8191
 38i,18n,31p,1107b,478s stack positions out of 5000i,500n,10000p,200000b,50000s
</usr/local/texlive/2012/texmf-dist/fonts/type1/public/amsf
onts/cm/cmbx10.pfb></usr/local/texlive/2012/texmf-dist/fonts/type1/public/amsfo
nts/cm/cmbx12.pfb></usr/local/texlive/2012/texmf-dist/fonts/type1/public/amsfon
ts/cm/cmbx8.pfb></usr/local/texlive/2012/texmf-dist/fonts/type1/public/amsfonts
/cm/cmex10.pfb></usr/local/texlive/2012/texmf-dist/fonts/type1/public/amsfonts/
cmextra/cmex8.pfb></usr/local/texlive/2012/texmf-dist/fonts/type1/public/amsfon
ts/cm/cmmi10.pfb></usr/local/texlive/2012/texmf-dist/fonts/type1/public/amsfont
s/cm/cmmi12.pfb></usr/local/texlive/2012/texmf-dist/fonts/type1/public/amsfonts
/cm/cmmi6.pfb></usr/local/texlive/2012/texmf-dist/fonts/type1/public/amsfonts/c
m/cmmi8.pfb></usr/local/texlive/2012/texmf-dist/fonts/type1/public/amsfonts/cm/
cmr10.pfb></usr/local/texlive/2012/texmf-dist/fonts/type1/public/amsfonts/cm/cm
r12.pfb></usr/local/texlive/2012/texmf-dist/fonts/type1/public/amsfonts/cm/cmr1
7.pfb></usr/local/texlive/2012/texmf-dist/fonts/type1/public/amsfonts/cm/cmr6.p
fb></usr/local/texlive/2012/texmf-dist/fonts/type1/public/amsfonts/cm/cmr7.pfb>
</usr/local/texlive/2012/texmf-dist/fonts/type1/public/amsfonts/cm/cmr8.pfb></u
sr/local/texlive/2012/texmf-dist/fonts/type1/public/amsfonts/cm/cmsl12.pfb></us
r/local/texlive/2012/texmf-dist/fonts/type1/public/amsfonts/cm/cmsy10.pfb></usr
/local/texlive/2012/texmf-dist/fonts/type1/public/amsfonts/cm/cmsy6.pfb></usr/l
ocal/texlive/2012/texmf-dist/fonts/type1/public/amsfonts/cm/cmsy8.pfb></usr/loc
al/texlive/2012/texmf-dist/fonts/type1/public/amsfonts/cm/cmti12.pfb></usr/loca
l/texlive/2012/texmf-dist/fonts/type1/public/amsfonts/latxfont/lcircle1.pfb></u
sr/local/texlive/2012/texmf-dist/fonts/type1/public/amsfonts/latxfont/line10.pf
b></usr/local/texlive/2012/texmf-dist/fonts/type1/public/amsfonts/symbols/msbm1
0.pfb>
Output written on main.pdf (104 pages, 1189632 bytes).
PDF statistics:
 599 PDF objects out of 1000 (max. 8388607)
 408 compressed objects within 5 object streams
 0 named destinations out of 1000 (max. 500000)
 216 words of extra memory for PDF output out of 10000 (max. 10000000)

